Start testing: Apr 10 09:58 대한민국 표준시
----------------------------------------------------------
2/13 Testing: jakal_smoke
2/13 Test: jakal_smoke
Command: "D:/GitHub/Jakal-Core/build_ninja/jakal_smoke.exe"
Directory: D:/GitHub/Jakal-Core/build_ninja
"jakal_smoke" start time: Apr 10 09:58 대한민국 표준시
Output:
----------------------------------------------------------
Graphs=3 allocations=2 operations=7 executed=7 cache=hit
<end of output>
Test time =  12.26 sec
----------------------------------------------------------
Test Passed.
"jakal_smoke" end time: Apr 10 09:58 대한민국 표준시
"jakal_smoke" time elapsed: 00:00:12
----------------------------------------------------------

12/13 Testing: jakal_workload_bench
12/13 Test: jakal_workload_bench
Command: "D:/GitHub/Jakal-Core/build_ninja/jakal_workload_bench.exe" "--smoke" "--host-only"
Directory: D:/GitHub/Jakal-Core/build_ninja
"jakal_workload_bench" start time: Apr 10 09:58 대한민국 표준시
Output:
----------------------------------------------------------
decode optimize_ms=227.055 execute_ms=285.692 ops=8 host_ops=8 gpu_ops=0 mixed_ops=0 cache=miss
prefill optimize_ms=193.419 execute_ms=5456.26 ops=8 host_ops=8 gpu_ops=0 mixed_ops=0 cache=hit
<end of output>
Test time =   7.37 sec
----------------------------------------------------------
Test Passed.
"jakal_workload_bench" end time: Apr 10 09:58 대한민국 표준시
"jakal_workload_bench" time elapsed: 00:00:07
----------------------------------------------------------

End testing: Apr 10 09:58 대한민국 표준시
